# JRE version: OpenJDK Runtime Environment (11.0.3+7) (build 11.0.3+7-Ubuntu-1ubuntu218.04.1)
# Java VM: OpenJDK 64-Bit Server VM (11.0.3+7-Ubuntu-1ubuntu218.04.1, mixed mode, sharing, tiered, compressed oops, g1 gc, linux-amd64)
Heap:
 garbage-first heap   total 193536K, used 122963K [0x0000000085200000, 0x0000000100000000)
  region size 1024K, 118 young (120832K), 11 survivors (11264K)
 Metaspace       used 27542K, capacity 28690K, committed 28800K, reserved 1073152K
  class space    used 3697K, capacity 4158K, committed 4224K, reserved 1048576K
GC Heap History (10 events):
Event: 0.351 GC heap after
{Heap after GC invocations=2 (full 0):
 garbage-first heap   total 129024K, used 7687K [0x0000000085200000, 0x0000000100000000)
  region size 1024K, 1 young (1024K), 1 survivors (1024K)
 Metaspace       used 6050K, capacity 6393K, committed 6656K, reserved 1056768K
  class space    used 763K, capacity 907K, committed 1024K, reserved 1048576K
}
Event: 0.474 GC heap before
{Heap before GC invocations=2 (full 0):
 garbage-first heap   total 129024K, used 28167K [0x0000000085200000, 0x0000000100000000)
  region size 1024K, 21 young (21504K), 1 survivors (1024K)
 Metaspace       used 9441K, capacity 9875K, committed 10240K, reserved 1058816K
  class space    used 1261K, capacity 1437K, committed 1536K, reserved 1048576K
}
Event: 0.483 GC heap after
{Heap after GC invocations=3 (full 0):
 garbage-first heap   total 129024K, used 8539K [0x0000000085200000, 0x0000000100000000)
  region size 1024K, 2 young (2048K), 2 survivors (2048K)
 Metaspace       used 9441K, capacity 9875K, committed 10240K, reserved 1058816K
  class space    used 1261K, capacity 1437K, committed 1536K, reserved 1048576K
}
Event: 0.674 GC heap before
{Heap before GC invocations=3 (full 0):
 garbage-first heap   total 129024K, used 57691K [0x0000000085200000, 0x0000000100000000)
  region size 1024K, 51 young (52224K), 2 survivors (2048K)
 Metaspace       used 17260K, capacity 17922K, committed 18048K, reserved 1064960K
  class space    used 2343K, capacity 2631K, committed 2688K, reserved 1048576K
}
Event: 0.679 GC heap after
{Heap after GC invocations=4 (full 0):
 garbage-first heap   total 129024K, used 10638K [0x0000000085200000, 0x0000000100000000)
  region size 1024K, 4 young (4096K), 4 survivors (4096K)
 Metaspace       used 17260K, capacity 17922K, committed 18048K, reserved 1064960K
  class space    used 2343K, capacity 2631K, committed 2688K, reserved 1048576K
}
Event: 0.919 GC heap before
{Heap before GC invocations=4 (full 0):
 garbage-first heap   total 129024K, used 81294K [0x0000000085200000, 0x0000000100000000)
  region size 1024K, 74 young (75776K), 4 survivors (4096K)
 Metaspace       used 19527K, capacity 20322K, committed 20352K, reserved 1067008K
  class space    used 2637K, capacity 2937K, committed 2944K, reserved 1048576K
}
Event: 0.925 GC heap after
{Heap after GC invocations=5 (full 0):
 garbage-first heap   total 193536K, used 12896K [0x0000000085200000, 0x0000000100000000)
  region size 1024K, 6 young (6144K), 6 survivors (6144K)
 Metaspace       used 19527K, capacity 20322K, committed 20352K, reserved 1067008K
  class space    used 2637K, capacity 2937K, committed 2944K, reserved 1048576K
}
Event: 0.983 GC heap before
{Heap before GC invocations=5 (full 0):
 garbage-first heap   total 193536K, used 20064K [0x0000000085200000, 0x0000000100000000)
  region size 1024K, 14 young (14336K), 6 survivors (6144K)
 Metaspace       used 20296K, capacity 21111K, committed 21248K, reserved 1067008K
  class space    used 2747K, capacity 3070K, committed 3072K, reserved 1048576K
}
Event: 0.990 GC heap after
{Heap after GC invocations=6 (full 0):
 garbage-first heap   total 193536K, used 13395K [0x0000000085200000, 0x0000000100000000)
  region size 1024K, 6 young (6144K), 6 survivors (6144K)
 Metaspace       used 20296K, capacity 21111K, committed 21248K, reserved 1067008K
  class space    used 2747K, capacity 3070K, committed 3072K, reserved 1048576K
}
Event: 1.523 GC heap before
{Heap before GC invocations=7 (full 0):
 garbage-first heap   total 193536K, used 121939K [0x0000000085200000, 0x0000000100000000)
  region size 1024K, 113 young (115712K), 6 survivors (6144K)
 Metaspace       used 27542K, capacity 28690K, committed 28800K, reserved 1073152K
  class space    used 3697K, capacity 4158K, committed 4224K, reserved 1048576K
}

